<?xml version="1.0" encoding="UTF-8"?>
<!-- Generated by org.testng.reporters.JUnitXMLReporter -->
<testsuite ignored="0" hostname="DESKTOP-78C5GPV" failures="0" tests="1" name="Test" time="0.089" errors="0" timestamp="2022-08-21T11:49:26 IST">
  <testcase classname="com.actitime.genaric.Baseclass2" name="@BeforeTest openBrowser" time="-1.661062766451E9">
    <failure type="org.testng.TestNGException" message="
Parameter &amp;apos;browserName&amp;apos; is required by BeforeTest on method openBrowser but has not been marked @Optional or defined
in C:\Users\hemad\eclipse-workspace\automation\testng.xml">
      <![CDATA[org.testng.TestNGException: 
Parameter 'browserName' is required by BeforeTest on method openBrowser but has not been marked @Optional or defined
in C:\Users\hemad\eclipse-workspace\automation\testng.xml
... Removed 21 stack frames]]>
    </failure>
  </testcase> <!-- @BeforeTest openBrowser -->
  <testcase classname="com.actitime.genaric.Baseclass2" name="@AfterTest AfterMethod" time="-1.661062766527E9">
    <skipped/>
  </testcase> <!-- @AfterTest AfterMethod -->
  <testcase classname="com.actitime.genaric.Baseclass2" name="beforeMethod" time="0.0">
    <skipped/>
  </testcase> <!-- beforeMethod -->
</testsuite> <!-- Test -->
