<?xml version="1.0" encoding="UTF-8"?>
<!-- Generated by org.testng.reporters.JUnitReportReporter -->
<testsuite hostname="DESKTOP-78C5GPV" failures="0" tests="1" name="practicefolder.createcustmer" time="6.637" errors="1" timestamp="2022-08-16T16:48:20 IST" skipped="0">
  <testcase classname="practicefolder.createcustmer" name="createcust" time="6.637">
    <error message="session not created
from disconnected: received Inspector.detached event
  (Session info: chrome=104.0.5112.81)
Build info: version: &#039;3.141.59&#039;, revision: &#039;e82be7d358&#039;, time: &#039;2018-11-14T08:25:53&#039;
System info: host: &#039;DESKTOP-78C5GPV&#039;, ip: &#039;192.168.1.8&#039;, os.name: &#039;Windows 10&#039;, os.arch: &#039;amd64&#039;, os.version: &#039;10.0&#039;, java.version: &#039;18.0.1&#039;
Driver info: driver.version: ChromeDriver
remote stacktrace: Backtrace:
	Ordinal0 [0x00E378B3+2193587]
	Ordinal0 [0x00DD0681+1771137]
	Ordinal0 [0x00CE41A8+803240]
	Ordinal0 [0x00CD7E1E+753182]
	Ordinal0 [0x00CD7A0F+752143]
	Ordinal0 [0x00CD6FAF+749487]
	Ordinal0 [0x00CD5E94+745108]
	Ordinal0 [0x00CD636D+746349]
	Ordinal0 [0x00CD5AA5+744101]
	Ordinal0 [0x00CDFD53+785747]
	Ordinal0 [0x00CD5A55+744021]
	Ordinal0 [0x00CD6B58+748376]
	Ordinal0 [0x00CD5E94+745108]
	Ordinal0 [0x00CD636D+746349]
	Ordinal0 [0x00CD5AA5+744101]
	Ordinal0 [0x00CDDA58+776792]
	Ordinal0 [0x00CD5A55+744021]
	Ordinal0 [0x00CD6B58+748376]
	Ordinal0 [0x00CD5E94+745108]
	Ordinal0 [0x00CD636D+746349]
	Ordinal0 [0x00CD5AA5+744101]
	Ordinal0 [0x00CDB452+767058]
	Ordinal0 [0x00CD5A55+744021]
	Ordinal0 [0x00CD6B58+748376]
	Ordinal0 [0x00CD5E94+745108]
	Ordinal0 [0x00CD636D+746349]
	Ordinal0 [0x00CD5AA5+744101]
	Ordinal0 [0x00CD148D+726157]
	Ordinal0 [0x00CD5A55+744021]
	Ordinal0 [0x00CD57E0+743392]
	Ordinal0 [0x00CD5529+742697]
	Ordinal0 [0x00CE5500+808192]
	Ordinal0 [0x00D33449+1127497]
	Ordinal0 [0x00D3200A+1122314]
	Ordinal0 [0x00D2D5C6+1103302]
	Ordinal0 [0x00D077E0+948192]
	Ordinal0 [0x00D086E6+952038]
	GetHandleVerifier [0x010E0CB2+2738370]
	GetHandleVerifier [0x010D21B8+2678216]
	GetHandleVerifier [0x00EC17AA+512954]
	GetHandleVerifier [0x00EC0856+509030]
	Ordinal0 [0x00DD743B+1799227]
	Ordinal0 [0x00DDBB68+1817448]
	Ordinal0 [0x00DDBC55+1817685]
	Ordinal0 [0x00DE5230+1856048]
	BaseThreadInitThunk [0x775EFA29+25]
	RtlGetAppContainerNamedObjectPath [0x77827A9E+286]
	RtlGetAppContainerNamedObjectPath [0x77827A6E+238]
" type="org.openqa.selenium.SessionNotCreatedException">
      <![CDATA[org.openqa.selenium.SessionNotCreatedException: session not created
from disconnected: received Inspector.detached event
  (Session info: chrome=104.0.5112.81)
Build info: version: '3.141.59', revision: 'e82be7d358', time: '2018-11-14T08:25:53'
System info: host: 'DESKTOP-78C5GPV', ip: '192.168.1.8', os.name: 'Windows 10', os.arch: 'amd64', os.version: '10.0', java.version: '18.0.1'
Driver info: driver.version: ChromeDriver
remote stacktrace: Backtrace:
Ordinal0 [0x00E378B3+2193587]
Ordinal0 [0x00DD0681+1771137]
Ordinal0 [0x00CE41A8+803240]
Ordinal0 [0x00CD7E1E+753182]
Ordinal0 [0x00CD7A0F+752143]
Ordinal0 [0x00CD6FAF+749487]
Ordinal0 [0x00CD5E94+745108]
Ordinal0 [0x00CD636D+746349]
Ordinal0 [0x00CD5AA5+744101]
Ordinal0 [0x00CDFD53+785747]
Ordinal0 [0x00CD5A55+744021]
Ordinal0 [0x00CD6B58+748376]
Ordinal0 [0x00CD5E94+745108]
Ordinal0 [0x00CD636D+746349]
Ordinal0 [0x00CD5AA5+744101]
Ordinal0 [0x00CDDA58+776792]
Ordinal0 [0x00CD5A55+744021]
Ordinal0 [0x00CD6B58+748376]
Ordinal0 [0x00CD5E94+745108]
Ordinal0 [0x00CD636D+746349]
Ordinal0 [0x00CD5AA5+744101]
Ordinal0 [0x00CDB452+767058]
Ordinal0 [0x00CD5A55+744021]
Ordinal0 [0x00CD6B58+748376]
Ordinal0 [0x00CD5E94+745108]
Ordinal0 [0x00CD636D+746349]
Ordinal0 [0x00CD5AA5+744101]
Ordinal0 [0x00CD148D+726157]
Ordinal0 [0x00CD5A55+744021]
Ordinal0 [0x00CD57E0+743392]
Ordinal0 [0x00CD5529+742697]
Ordinal0 [0x00CE5500+808192]
Ordinal0 [0x00D33449+1127497]
Ordinal0 [0x00D3200A+1122314]
Ordinal0 [0x00D2D5C6+1103302]
Ordinal0 [0x00D077E0+948192]
Ordinal0 [0x00D086E6+952038]
GetHandleVerifier [0x010E0CB2+2738370]
GetHandleVerifier [0x010D21B8+2678216]
GetHandleVerifier [0x00EC17AA+512954]
GetHandleVerifier [0x00EC0856+509030]
Ordinal0 [0x00DD743B+1799227]
Ordinal0 [0x00DDBB68+1817448]
Ordinal0 [0x00DDBC55+1817685]
Ordinal0 [0x00DE5230+1856048]
BaseThreadInitThunk [0x775EFA29+25]
RtlGetAppContainerNamedObjectPath [0x77827A9E+286]
RtlGetAppContainerNamedObjectPath [0x77827A6E+238]

at java.base/jdk.internal.reflect.DirectConstructorHandleAccessor.newInstance(DirectConstructorHandleAccessor.java:67)
at java.base/java.lang.reflect.Constructor.newInstanceWithCaller(Constructor.java:499)
at java.base/java.lang.reflect.Constructor.newInstance(Constructor.java:483)
at org.openqa.selenium.remote.W3CHandshakeResponse.lambda$errorHandler$0(W3CHandshakeResponse.java:62)
at org.openqa.selenium.remote.HandshakeResponse.lambda$getResponseFunction$0(HandshakeResponse.java:30)
at org.openqa.selenium.remote.ProtocolHandshake.lambda$createSession$0(ProtocolHandshake.java:126)
at java.base/java.util.stream.ReferencePipeline$3$1.accept(ReferencePipeline.java:197)
at java.base/java.util.Spliterators$ArraySpliterator.tryAdvance(Spliterators.java:1002)
at java.base/java.util.stream.ReferencePipeline.forEachWithCancel(ReferencePipeline.java:129)
at java.base/java.util.stream.AbstractPipeline.copyIntoWithCancel(AbstractPipeline.java:527)
at java.base/java.util.stream.AbstractPipeline.copyInto(AbstractPipeline.java:513)
at java.base/java.util.stream.AbstractPipeline.wrapAndCopyInto(AbstractPipeline.java:499)
at java.base/java.util.stream.FindOps$FindOp.evaluateSequential(FindOps.java:150)
at java.base/java.util.stream.AbstractPipeline.evaluate(AbstractPipeline.java:234)
at java.base/java.util.stream.ReferencePipeline.findFirst(ReferencePipeline.java:647)
at org.openqa.selenium.remote.ProtocolHandshake.createSession(ProtocolHandshake.java:128)
at org.openqa.selenium.remote.ProtocolHandshake.createSession(ProtocolHandshake.java:74)
at org.openqa.selenium.remote.HttpCommandExecutor.execute(HttpCommandExecutor.java:136)
at org.openqa.selenium.remote.service.DriverCommandExecutor.execute(DriverCommandExecutor.java:83)
at org.openqa.selenium.remote.RemoteWebDriver.execute(RemoteWebDriver.java:552)
at org.openqa.selenium.remote.RemoteWebDriver.startSession(RemoteWebDriver.java:213)
at org.openqa.selenium.remote.RemoteWebDriver.<init>(RemoteWebDriver.java:131)
at org.openqa.selenium.chrome.ChromeDriver.<init>(ChromeDriver.java:181)
at org.openqa.selenium.chrome.ChromeDriver.<init>(ChromeDriver.java:168)
at org.openqa.selenium.chrome.ChromeDriver.<init>(ChromeDriver.java:123)
at practicefolder.createcustmer.createcust(createcustmer.java:15)
at java.base/jdk.internal.reflect.DirectMethodHandleAccessor.invoke(DirectMethodHandleAccessor.java:104)
at java.base/java.lang.reflect.Method.invoke(Method.java:577)
at org.testng.internal.MethodInvocationHelper.invokeMethod(MethodInvocationHelper.java:133)
at org.testng.internal.TestInvoker.invokeMethod(TestInvoker.java:598)
at org.testng.internal.TestInvoker.invokeTestMethod(TestInvoker.java:173)
at org.testng.internal.MethodRunner.runInSequence(MethodRunner.java:46)
at org.testng.internal.TestInvoker$MethodInvocationAgent.invoke(TestInvoker.java:824)
at org.testng.internal.TestInvoker.invokeTestMethods(TestInvoker.java:146)
at org.testng.internal.TestMethodWorker.invokeTestMethods(TestMethodWorker.java:146)
at org.testng.internal.TestMethodWorker.run(TestMethodWorker.java:128)
at java.base/java.util.ArrayList.forEach(ArrayList.java:1511)
at org.testng.TestRunner.privateRun(TestRunner.java:794)
at org.testng.TestRunner.run(TestRunner.java:596)
at org.testng.SuiteRunner.runTest(SuiteRunner.java:377)
at org.testng.SuiteRunner.runSequentially(SuiteRunner.java:371)
at org.testng.SuiteRunner.privateRun(SuiteRunner.java:332)
at org.testng.SuiteRunner.run(SuiteRunner.java:276)
at org.testng.SuiteRunnerWorker.runSuite(SuiteRunnerWorker.java:53)
at org.testng.SuiteRunnerWorker.run(SuiteRunnerWorker.java:96)
at org.testng.TestNG.runSuitesSequentially(TestNG.java:1212)
at org.testng.TestNG.runSuitesLocally(TestNG.java:1134)
at org.testng.TestNG.runSuites(TestNG.java:1063)
at org.testng.TestNG.run(TestNG.java:1031)
at org.testng.remote.AbstractRemoteTestNG.run(AbstractRemoteTestNG.java:115)
at org.testng.remote.RemoteTestNG.initAndRun(RemoteTestNG.java:251)
at org.testng.remote.RemoteTestNG.main(RemoteTestNG.java:77)
]]>
    </error>
  </testcase> <!-- createcust -->
  <system-out/>
</testsuite> <!-- practicefolder.createcustmer -->
